Build started 01.02.2015 23:10:37.
     1>Project "C:\PuniKi\Visual Studio\Deco\Deco\Deco.vcxproj" on node 2 (Build target(s)).
     1>ClCompile:
         C:\Program Files (x86)\Microsoft Visual Studio 12.0\VC\bin\CL.exe /c /I"C:\SFML-2.1x32\include" /Zi /nologo /W3 /WX- /sdl /O2 /Oi /Oy- /GL /D _MBCS /Gm- /EHsc /MD /GS /Gy /fp:precise /Zc:wchar_t /Zc:forScope /Fo"Release\\" /Fd"Release\vc120.pdb" /Gd /TP /analyze- /errorReport:prompt Blocks\AnimatedMovedBlock.cpp Blocks\AnimatedBlock.cpp System\Block.cpp System\Cell.cpp System\Grid.cpp System\Item.cpp Levels\Level1.cpp Levels\Level2.cpp Main.cpp Blocks\MovedBlock.cpp Blocks\ObstacleBlock.cpp Blocks\PlayerBlock.cpp System\Engine.cpp System\Level.cpp System\Levels.cpp Blocks\UnitBlock.cpp
         AnimatedMovedBlock.cpp
         AnimatedBlock.cpp
         Block.cpp
         Cell.cpp
         Grid.cpp
         Item.cpp
         Level1.cpp
         Level2.cpp
         Main.cpp
         MovedBlock.cpp
         ObstacleBlock.cpp
         PlayerBlock.cpp
         Engine.cpp
         Level.cpp
         Levels.cpp
         UnitBlock.cpp
       Link:
         C:\Program Files (x86)\Microsoft Visual Studio 12.0\VC\bin\link.exe /ERRORREPORT:PROMPT /OUT:"C:\PuniKi\Visual Studio\Deco\Release\Deco.exe" /NOLOGO /LIBPATH:"C:\SFML-2.1x32\lib" "sfml-system.lib" "sfml-graphics.lib" "sfml-window.lib" kernel32.lib user32.lib gdi32.lib winspool.lib comdlg32.lib advapi32.lib shell32.lib ole32.lib oleaut32.lib uuid.lib odbc32.lib odbccp32.lib /MANIFEST /MANIFESTUAC:"level='asInvoker' uiAccess='false'" /manifest:embed /DEBUG /PDB:"C:\PuniKi\Visual Studio\Deco\Release\Deco.pdb" /OPT:REF /OPT:ICF /LTCG /TLBID:1 /DYNAMICBASE /NXCOMPAT /IMPLIB:"C:\PuniKi\Visual Studio\Deco\Release\Deco.lib" /MACHINE:X86 /SAFESEH Release\AnimatedMovedBlock.obj
         Release\AnimatedBlock.obj
         Release\Block.obj
         Release\Cell.obj
         Release\Grid.obj
         Release\Item.obj
         Release\Level1.obj
         Release\Level2.obj
         Release\Main.obj
         Release\MovedBlock.obj
         Release\ObstacleBlock.obj
         Release\PlayerBlock.obj
         Release\Engine.obj
         Release\Level.obj
         Release\Levels.obj
         Release\UnitBlock.obj
         Generating code
         Finished generating code
         Deco.vcxproj -> C:\PuniKi\Visual Studio\Deco\Release\Deco.exe
     1>Done Building Project "C:\PuniKi\Visual Studio\Deco\Deco\Deco.vcxproj" (Build target(s)).

Build succeeded.

Time Elapsed 00:00:15.15
